2024-09-29 17:29:45,976 - root - INFO - wrapper - check_dependencies
2024-09-29 17:29:47,504 - root - INFO - print_to_log - All critical Python modules found:
[
    "PyQt5",
    "numpy",
    "scipy",
    "matplotlib",
    "pysimm",
    "psutil",
    "sobol_seq",
    "numba",
    "rdkit",
    "file_read_backwards",
    "sigfig"
]

2024-09-29 17:29:48,065 - root - INFO - wrapper - main
2024-09-29 17:29:48,096 - root - INFO - wrapper - MainWindow.__init__
2024-09-29 17:29:48,100 - root - INFO - wrapper - MainWindow.initialize_attributes
2024-09-29 17:29:48,100 - root - INFO - wrapper - SettingsFile.__init__
2024-09-29 17:29:48,100 - root - INFO - wrapper - SettingsFile.load_or_create_settings
2024-09-29 17:29:48,100 - root - INFO - print_to_log - Loaded settings.
2024-09-29 17:29:48,100 - root - INFO - wrapper - SettingsFile.load_settings
2024-09-29 17:29:48,100 - root - INFO - wrapper - SettingsFile.update_class_variables
2024-09-29 17:29:48,100 - root - INFO - wrapper - SettingsFile.load_or_create_settings
2024-09-29 17:29:48,100 - root - INFO - print_to_log - Loaded settings.
2024-09-29 17:29:48,100 - root - INFO - wrapper - SettingsFile.load_settings
2024-09-29 17:29:48,101 - root - INFO - wrapper - SettingsFile.update_class_variables
2024-09-29 17:29:48,101 - root - INFO - wrapper - MainWindow.load_ui
2024-09-29 17:29:48,503 - root - INFO - wrapper - MainWindow.initialize_startup_settings
2024-09-29 17:29:48,503 - root - INFO - wrapper - MainWindow.set_window_title
2024-09-29 17:29:48,503 - root - INFO - wrapper - MainWindow.initialize_widgets
2024-09-29 17:29:48,503 - root - INFO - wrapper - MainWindow.initialize_layouts
2024-09-29 17:29:48,503 - root - INFO - wrapper - MainWindow.initialize_tabs_and_menu
2024-09-29 17:29:48,503 - root - INFO - wrapper - Tab1.__init__
2024-09-29 17:29:48,503 - root - INFO - wrapper - Tab1.initialize_widgets
2024-09-29 17:29:48,503 - root - INFO - wrapper - MoleculesList.__init__
2024-09-29 17:29:48,505 - root - INFO - wrapper - MoleculesList.set_parent
2024-09-29 17:29:48,505 - root - INFO - wrapper - ImageViewer.__init__
2024-09-29 17:29:48,506 - root - INFO - wrapper - Tab1.initialize_layouts
2024-09-29 17:29:48,506 - root - INFO - wrapper - Tab1.connect_signals
2024-09-29 17:29:48,506 - root - INFO - wrapper - Tab2.__init__
2024-09-29 17:29:48,506 - root - INFO - wrapper - Tab2.initialize_widgets
2024-09-29 17:29:48,506 - root - INFO - wrapper - MixtureTableWidget.__init__
2024-09-29 17:29:48,515 - root - INFO - wrapper - Tab2.initialize_layouts
2024-09-29 17:29:48,521 - root - INFO - wrapper - Tab2.connect_signals
2024-09-29 17:29:48,521 - root - INFO - wrapper - Tab3.__init__
2024-09-29 17:29:48,521 - root - INFO - wrapper - Tab3.initialize_widgets
2024-09-29 17:29:48,522 - root - INFO - wrapper - ListOfStagesWidget.__init__
2024-09-29 17:29:48,522 - root - INFO - wrapper - ListOfStagesWidget.set_style_sheet
2024-09-29 17:29:48,524 - root - INFO - wrapper - ListOfStagesWidget.initialize_default_compression_simulation_stages
2024-09-29 17:29:48,524 - root - INFO - wrapper - ListOfStagesWidget.add_lammps_stage
2024-09-29 17:29:48,524 - root - INFO - wrapper - ListOfStagesWidget.add_flowchart_stage
2024-09-29 17:29:48,528 - root - INFO - wrapper - ListOfLammpsSubstages.__init__
2024-09-29 17:29:48,529 - root - INFO - wrapper - ListOfLammpsSubstages.set_style_sheet
2024-09-29 17:29:48,529 - root - INFO - wrapper - ListOfLammpsSubstages.add_item_programmatically
2024-09-29 17:29:48,529 - root - INFO - wrapper - LammpsInitializeSubstage.__init__
2024-09-29 17:29:48,531 - root - INFO - wrapper - ListOfLammpsSubstages.add_item_programmatically
2024-09-29 17:29:48,531 - root - INFO - wrapper - LammpsInitializeSubstage.hide_window
2024-09-29 17:29:48,531 - root - INFO - wrapper - LammpsMinimizeSubstage.__init__
2024-09-29 17:29:48,532 - root - INFO - wrapper - ListOfLammpsSubstages.add_item_programmatically
2024-09-29 17:29:48,532 - root - INFO - wrapper - LammpsMinimizeSubstage.hide_window
2024-09-29 17:29:48,532 - root - INFO - wrapper - LammpsVelocitiesSubstage.__init__
2024-09-29 17:29:48,534 - root - INFO - wrapper - ListOfLammpsSubstages.add_item_programmatically
2024-09-29 17:29:48,534 - root - INFO - wrapper - LammpsVelocitiesSubstage.hide_window
2024-09-29 17:29:48,534 - root - INFO - wrapper - LammpsNvtSubstage.__init__
2024-09-29 17:29:48,537 - root - INFO - wrapper - ListOfLammpsSubstages.add_item_programmatically
2024-09-29 17:29:48,537 - root - INFO - wrapper - LammpsNvtSubstage.hide_window
2024-09-29 17:29:48,537 - root - INFO - wrapper - LammpsUniaxialDeformation.__init__
2024-09-29 17:29:48,540 - root - INFO - wrapper - ListOfLammpsSubstages.add_item_programmatically
2024-09-29 17:29:48,540 - root - INFO - wrapper - LammpsUniaxialDeformation.hide_window
2024-09-29 17:29:48,540 - root - INFO - wrapper - LammpsNptSubstage.__init__
2024-09-29 17:29:48,544 - root - INFO - wrapper - ListOfLammpsSubstages.add_item_programmatically
2024-09-29 17:29:48,544 - root - INFO - wrapper - LammpsNptSubstage.hide_window
2024-09-29 17:29:48,544 - root - INFO - wrapper - LammpsNvtSubstage.__init__
2024-09-29 17:29:48,547 - root - INFO - wrapper - ListOfLammpsSubstages.add_item_programmatically
2024-09-29 17:29:48,547 - root - INFO - wrapper - LammpsNvtSubstage.hide_window
2024-09-29 17:29:48,547 - root - INFO - wrapper - LammpsNveSubstage.__init__
2024-09-29 17:29:48,549 - root - INFO - wrapper - ListOfLammpsSubstages.add_item_programmatically
2024-09-29 17:29:48,549 - root - INFO - wrapper - LammpsNveSubstage.hide_window
2024-09-29 17:29:48,549 - root - INFO - wrapper - LammpsMinimizeSubstage.__init__
2024-09-29 17:29:48,550 - root - INFO - wrapper - ListOfStagesWidget.sort_substage_windows
2024-09-29 17:29:48,550 - root - INFO - wrapper - DataExtractor.__init__
2024-09-29 17:29:48,550 - root - INFO - wrapper - Tab3.initialize_layouts
2024-09-29 17:29:48,552 - root - INFO - wrapper - Tab3.connect_signals
2024-09-29 17:29:48,552 - root - INFO - wrapper - Tab4.__init__
2024-09-29 17:29:48,552 - root - INFO - wrapper - Tab4.initialize_widgets
2024-09-29 17:29:48,553 - root - INFO - wrapper - Tab4.initialize_layouts
2024-09-29 17:29:48,553 - root - INFO - wrapper - Tab4.connect_signals
2024-09-29 17:29:48,553 - root - INFO - wrapper - Tab4.update_run_command
2024-09-29 17:29:48,553 - root - INFO - wrapper - Tab5.__init__
2024-09-29 17:29:48,553 - root - INFO - wrapper - Tab5.initialize_widgets
2024-09-29 17:29:48,566 - root - INFO - wrapper - CustomTableWidget.__init__
2024-09-29 17:29:48,570 - root - INFO - wrapper - Tab5.initialize_layouts
2024-09-29 17:29:48,570 - root - INFO - wrapper - Tab5.connect_signals
2024-09-29 17:29:48,570 - root - INFO - wrapper - Menubar.__init__
2024-09-29 17:29:48,570 - root - INFO - wrapper - Menubar.initialize_widgets
2024-09-29 17:29:48,571 - root - INFO - wrapper - Menubar.initialize_layouts
2024-09-29 17:29:48,571 - root - INFO - wrapper - Menubar.connect_signals
2024-09-29 17:29:48,571 - root - INFO - wrapper - LoadMoleculesContextMenu.__init__
2024-09-29 17:29:48,571 - root - INFO - wrapper - MainWindow.connect_signals
2024-09-29 17:29:48,571 - root - INFO - print_to_log - Initialized MainWindow instance.
2024-09-29 17:29:48,597 - root - INFO - wrapper - ImageViewer.fit_image
2024-09-29 17:29:48,598 - root - INFO - wrapper - ImageViewer.fit_image
2024-09-29 17:29:49,406 - root - INFO - wrapper - MixtureTableWidget.update_mixture_table_on_tab_change
2024-09-29 17:29:49,819 - root - INFO - wrapper - MixtureTableWidget.update_mixture_table_on_tab_change
