2024-11-18 11:40:07,238 - root - INFO - wrapper - check_dependencies
2024-11-18 11:40:07,592 - root - INFO - print_to_log - All critical Python modules found:
[
    "PyQt5",
    "numpy",
    "scipy",
    "matplotlib",
    "pysimm",
    "psutil",
    "sobol_seq",
    "numba",
    "rdkit",
    "file_read_backwards",
    "sigfig"
]

2024-11-18 11:40:07,891 - root - INFO - wrapper - main
2024-11-18 11:40:07,907 - root - INFO - wrapper - MainWindow.__init__
2024-11-18 11:40:07,907 - root - INFO - wrapper - MainWindow.initialize_attributes
2024-11-18 11:40:07,907 - root - INFO - wrapper - SettingsFile.__init__
2024-11-18 11:40:07,907 - root - INFO - wrapper - SettingsFile.load_or_create_settings
2024-11-18 11:40:07,907 - root - INFO - print_to_log - Loaded settings.
2024-11-18 11:40:07,907 - root - INFO - wrapper - SettingsFile.load_settings
2024-11-18 11:40:07,907 - root - INFO - wrapper - SettingsFile.update_class_variables
2024-11-18 11:40:07,907 - root - INFO - wrapper - SettingsFile.load_or_create_settings
2024-11-18 11:40:07,907 - root - INFO - print_to_log - Loaded settings.
2024-11-18 11:40:07,907 - root - INFO - wrapper - SettingsFile.load_settings
2024-11-18 11:40:07,908 - root - INFO - wrapper - SettingsFile.update_class_variables
2024-11-18 11:40:07,908 - root - INFO - wrapper - MainWindow.load_ui
2024-11-18 11:40:07,940 - root - INFO - wrapper - MainWindow.initialize_startup_settings
2024-11-18 11:40:07,940 - root - INFO - wrapper - MainWindow.set_window_title
2024-11-18 11:40:07,940 - root - INFO - wrapper - MainWindow.initialize_widgets
2024-11-18 11:40:07,940 - root - INFO - wrapper - MainWindow.initialize_layouts
2024-11-18 11:40:07,940 - root - INFO - wrapper - MainWindow.initialize_tabs_and_menu
2024-11-18 11:40:07,940 - root - INFO - wrapper - Tab1.__init__
2024-11-18 11:40:07,940 - root - INFO - wrapper - Tab1.initialize_widgets
2024-11-18 11:40:07,940 - root - INFO - wrapper - MoleculesList.__init__
2024-11-18 11:40:07,940 - root - INFO - wrapper - MoleculesList.set_parent
2024-11-18 11:40:07,940 - root - INFO - wrapper - ImageViewer.__init__
2024-11-18 11:40:07,940 - root - INFO - wrapper - Tab1.initialize_layouts
2024-11-18 11:40:07,940 - root - INFO - wrapper - Tab1.connect_signals
2024-11-18 11:40:07,940 - root - INFO - wrapper - Tab2.__init__
2024-11-18 11:40:07,940 - root - INFO - wrapper - Tab2.initialize_widgets
2024-11-18 11:40:07,940 - root - INFO - wrapper - MixtureTableWidget.__init__
2024-11-18 11:40:07,943 - root - INFO - wrapper - Tab2.initialize_layouts
2024-11-18 11:40:07,946 - root - INFO - wrapper - Tab2.connect_signals
2024-11-18 11:40:07,946 - root - INFO - wrapper - Tab3.__init__
2024-11-18 11:40:07,946 - root - INFO - wrapper - Tab3.initialize_widgets
2024-11-18 11:40:07,946 - root - INFO - wrapper - ListOfStagesWidget.__init__
2024-11-18 11:40:07,946 - root - INFO - wrapper - ListOfStagesWidget.set_style_sheet
2024-11-18 11:40:07,946 - root - INFO - wrapper - ListOfStagesWidget.initialize_default_compression_simulation_stages
2024-11-18 11:40:07,946 - root - INFO - wrapper - ListOfStagesWidget.add_lammps_stage
2024-11-18 11:40:07,946 - root - INFO - wrapper - ListOfStagesWidget.add_flowchart_stage
2024-11-18 11:40:07,947 - root - INFO - wrapper - ListOfLammpsSubstages.__init__
2024-11-18 11:40:07,947 - root - INFO - wrapper - ListOfLammpsSubstages.set_style_sheet
2024-11-18 11:40:07,948 - root - INFO - wrapper - ListOfLammpsSubstages.add_item_programmatically
2024-11-18 11:40:07,948 - root - INFO - wrapper - LammpsInitializeSubstage.__init__
2024-11-18 11:40:07,948 - root - INFO - wrapper - ListOfLammpsSubstages.add_item_programmatically
2024-11-18 11:40:07,948 - root - INFO - wrapper - LammpsInitializeSubstage.hide_window
2024-11-18 11:40:07,948 - root - INFO - wrapper - LammpsMinimizeSubstage.__init__
2024-11-18 11:40:07,949 - root - INFO - wrapper - ListOfLammpsSubstages.add_item_programmatically
2024-11-18 11:40:07,949 - root - INFO - wrapper - LammpsMinimizeSubstage.hide_window
2024-11-18 11:40:07,949 - root - INFO - wrapper - LammpsVelocitiesSubstage.__init__
2024-11-18 11:40:07,950 - root - INFO - wrapper - ListOfLammpsSubstages.add_item_programmatically
2024-11-18 11:40:07,950 - root - INFO - wrapper - LammpsVelocitiesSubstage.hide_window
2024-11-18 11:40:07,950 - root - INFO - wrapper - LammpsNvtSubstage.__init__
2024-11-18 11:40:07,952 - root - INFO - wrapper - ListOfLammpsSubstages.add_item_programmatically
2024-11-18 11:40:07,952 - root - INFO - wrapper - LammpsNvtSubstage.hide_window
2024-11-18 11:40:07,952 - root - INFO - wrapper - LammpsUniaxialDeformation.__init__
2024-11-18 11:40:07,954 - root - INFO - wrapper - ListOfLammpsSubstages.add_item_programmatically
2024-11-18 11:40:07,954 - root - INFO - wrapper - LammpsUniaxialDeformation.hide_window
2024-11-18 11:40:07,954 - root - INFO - wrapper - LammpsNptSubstage.__init__
2024-11-18 11:40:07,956 - root - INFO - wrapper - ListOfLammpsSubstages.add_item_programmatically
2024-11-18 11:40:07,956 - root - INFO - wrapper - LammpsNptSubstage.hide_window
2024-11-18 11:40:07,956 - root - INFO - wrapper - LammpsNvtSubstage.__init__
2024-11-18 11:40:07,958 - root - INFO - wrapper - ListOfLammpsSubstages.add_item_programmatically
2024-11-18 11:40:07,958 - root - INFO - wrapper - LammpsNvtSubstage.hide_window
2024-11-18 11:40:07,958 - root - INFO - wrapper - LammpsNveSubstage.__init__
2024-11-18 11:40:07,959 - root - INFO - wrapper - ListOfLammpsSubstages.add_item_programmatically
2024-11-18 11:40:07,959 - root - INFO - wrapper - LammpsNveSubstage.hide_window
2024-11-18 11:40:07,959 - root - INFO - wrapper - LammpsMinimizeSubstage.__init__
2024-11-18 11:40:07,960 - root - INFO - wrapper - ListOfStagesWidget.sort_substage_windows
2024-11-18 11:40:07,960 - root - INFO - wrapper - DataExtractor.__init__
2024-11-18 11:40:07,960 - root - INFO - wrapper - Tab3.initialize_layouts
2024-11-18 11:40:07,961 - root - INFO - wrapper - Tab3.connect_signals
2024-11-18 11:40:07,961 - root - INFO - wrapper - Tab4.__init__
2024-11-18 11:40:07,961 - root - INFO - wrapper - Tab4.initialize_widgets
2024-11-18 11:40:07,963 - root - INFO - wrapper - Tab4.initialize_layouts
2024-11-18 11:40:07,963 - root - INFO - wrapper - Tab4.connect_signals
2024-11-18 11:40:07,963 - root - INFO - wrapper - Tab4.update_run_command
2024-11-18 11:40:07,963 - root - INFO - wrapper - Tab5.__init__
2024-11-18 11:40:07,963 - root - INFO - wrapper - Tab5.initialize_widgets
2024-11-18 11:40:07,965 - root - INFO - wrapper - CustomTableWidget.__init__
2024-11-18 11:40:07,966 - root - INFO - wrapper - Tab5.initialize_layouts
2024-11-18 11:40:07,966 - root - INFO - wrapper - Tab5.connect_signals
2024-11-18 11:40:07,966 - root - INFO - wrapper - Menubar.__init__
2024-11-18 11:40:07,966 - root - INFO - wrapper - Menubar.initialize_widgets
2024-11-18 11:40:07,966 - root - INFO - wrapper - Menubar.initialize_layouts
2024-11-18 11:40:07,966 - root - INFO - wrapper - Menubar.connect_signals
2024-11-18 11:40:07,966 - root - INFO - wrapper - LoadMoleculesContextMenu.__init__
2024-11-18 11:40:07,966 - root - INFO - wrapper - MainWindow.connect_signals
2024-11-18 11:40:07,966 - root - INFO - print_to_log - Initialized MainWindow instance.
2024-11-18 11:40:08,028 - root - INFO - wrapper - ImageViewer.fit_image
2024-11-18 11:40:08,028 - root - INFO - wrapper - ImageViewer.fit_image
2024-11-18 11:40:12,955 - root - INFO - wrapper - ImageViewer.fit_image
2024-11-18 11:40:13,571 - root - INFO - wrapper - ImageViewer.fit_image
