# Time-averaged data for fix 2
# TimeStep v_time c_thermo_temp c_thermo_press v_sysvol v_sysdensity v_cella v_cellb v_cellc v_etotal v_pe v_ke v_evdwl v_coulomb v_sxx v_syy v_szz v_syz v_sxz v_sxy v_xhi v_yhi v_zhi v_xlo v_ylo v_zlo
1000 501 298.165 4.56395 1.06329e+06 0.0100077 21.9896 21.9896 2198.96 1967.79 1168.78 799.008 504.878 0 -5.93028 -2.80873 -4.95283 -0.0897629 -0.254441 -0.682453 21.9896 21.9896 2198.96 0 0 0
2000 1501 307.152 1.54594 1.01713e+06 0.0104618 21.9896 21.9896 2103.5 2058.48 1235.39 823.09 512.184 0 -3.62327 -0.563845 -0.45069 -0.11413 -0.27704 -0.720693 21.9896 21.9896 2151.23 0 0 47.7284
3000 2501 303.192 3.81294 972978 0.0109366 21.9896 21.9896 2012.19 2070.3 1257.82 812.478 513.568 0 -5.20374 -3.1539 -3.08118 -0.559819 -0.0355805 0.316198 21.9896 21.9896 2105.57 0 0 93.385
4000 3501 303.861 0.500774 930741 0.0114329 21.9896 21.9896 1924.84 2099.1 1284.83 814.272 513.425 0 -1.02875 -0.712874 0.239299 -0.0369386 -0.305732 -0.799617 21.9896 21.9896 2061.9 0 0 137.06
5000 4501 308.23 2.00466 890338 0.0119517 21.9896 21.9896 1841.28 2148.63 1322.66 825.978 516.297 0 -3.87764 -1.0749 -1.06143 0.0331936 -0.0053296 -0.476483 21.9896 21.9896 2020.12 0 0 178.838
6000 5501 301.511 0.976216 851688 0.0124941 21.9896 21.9896 1761.35 2123.2 1315.23 807.974 511.962 0 -1.55818 -0.145025 -1.22544 -0.427503 -0.477788 -0.992071 21.9896 21.9896 1980.16 0 0 218.803
7000 6501 309.469 -0.843633 814716 0.0130611 21.9896 21.9896 1684.89 2186.23 1356.93 829.299 516.913 0 -0.549497 0.440904 2.63949 0.362302 -1.38217 0.19045 21.9896 21.9896 1941.93 0 0 257.034
8000 7501 307.583 0.546079 779350 0.0136538 21.9896 21.9896 1611.75 2178.89 1354.64 824.246 510.642 0 -1.85249 -0.00925922 0.223515 0.847469 0.615311 -0.331822 21.9896 21.9896 1905.36 0 0 293.604
9000 8501 305.877 -0.664119 745518 0.0142734 21.9896 21.9896 1541.78 2181.22 1361.55 819.674 510.089 0 -0.0792736 0.631097 1.44053 -0.229979 0.448986 0.0600947 21.9896 21.9896 1870.37 0 0 328.587
10000 9501 305.425 -1.06946 713155 0.0149211 21.9896 21.9896 1474.86 2183.26 1364.8 818.462 508.482 0 -0.0812372 1.06649 2.22312 0.0653504 0.107977 0.458725 21.9896 21.9896 1836.91 0 0 362.052
11000 10501 305.211 -0.699491 682197 0.0155982 21.9896 21.9896 1410.83 2175.71 1357.82 817.889 502.009 0 0.267464 0.0916527 1.73936 -0.285138 -0.0316842 -0.854272 21.9896 21.9896 1804.9 0 0 394.063
12000 11501 305.161 -1.63078 652583 0.0163061 21.9896 21.9896 1349.59 2172.26 1354.5 817.756 495.901 0 0.886111 1.85932 2.14689 -0.686799 -0.385939 0.855334 21.9896 21.9896 1774.27 0 0 424.686
13000 12501 307.201 -1.05273 624254 0.0170461 21.9896 21.9896 1291 2161.73 1338.51 823.222 480.651 0 -0.139473 1.3569 1.94076 0.55636 -1.32126 -1.10984 21.9896 21.9896 1744.98 0 0 453.978
14000 13501 306.883 -1.97989 597155 0.0178196 21.9896 21.9896 1234.96 2162.64 1340.27 822.368 479.367 0 2.16826 0.878704 2.89269 1.33615 -0.504901 -1.11976 21.9896 21.9896 1716.96 0 0 482
15000 14501 305.448 -2.25426 571233 0.0186283 21.9896 21.9896 1181.35 2148.23 1329.71 818.523 471.882 0 0.421211 4.04098 2.30059 -1.06328 1.09715 0.610707 21.9896 21.9896 1690.15 0 0 508.804
16000 15501 301.665 -1.20481 546436 0.0194736 21.9896 21.9896 1130.07 2121.27 1312.88 808.387 463.025 0 2.13505 -0.287252 1.76665 -0.955014 0.479696 0.930436 21.9896 21.9896 1664.51 0 0 534.446
17000 16501 308.385 -2.45359 522715 0.0203573 21.9896 21.9896 1081.01 2165.51 1339.11 826.395 466.409 0 0.88113 2.05621 4.42342 1.0691 -1.52386 0.84891 21.9896 21.9896 1639.99 0 0 558.974
18000 17501 304.845 -2.89239 500024 0.0212811 21.9896 21.9896 1034.08 2133.22 1316.31 816.909 455.016 0 2.49721 1.832 4.34797 0.30022 -1.30565 -1.87961 21.9896 21.9896 1616.52 0 0 582.437
19000 18501 306.67 -2.24714 478318 0.0222469 21.9896 21.9896 989.195 2129.84 1308.04 821.797 447.163 0 2.07327 3.48632 1.18182 -0.434333 0.74852 0.997051 21.9896 21.9896 1594.08 0 0 604.882
20000 19501 306.7 -1.81698 457554 0.0232564 21.9896 21.9896 946.254 2124.93 1303.05 821.878 442.175 0 1.49007 0.00322474 3.95763 -1.32283 1.66276 -0.0183651 21.9896 21.9896 1572.61 0 0 626.353
21000 20501 302.675 -2.01603 437691 0.0243118 21.9896 21.9896 905.177 2100.43 1289.34 811.093 437.552 0 0.370719 3.24184 2.43554 0.592044 0.393084 -0.0547657 21.9896 21.9896 1552.07 0 0 646.891
22000 21501 304.817 -4.35235 418691 0.0254151 21.9896 21.9896 865.884 2121.11 1304.28 816.833 440.05 0 5.52503 3.10047 4.43155 -1.31738 -0.742308 0.250976 21.9896 21.9896 1532.42 0 0 666.538
23000 22501 314.388 -4.08745 400516 0.0265684 21.9896 21.9896 828.295 2160.85 1318.37 842.48 435.387 0 1.95328 2.77541 7.53366 -0.217262 -0.340281 -1.29 21.9896 21.9896 1513.63 0 0 685.332
24000 23501 311.162 -2.95862 383129 0.0277741 21.9896 21.9896 792.339 2142.18 1308.34 833.837 431.429 0 0.85204 1.1137 6.91013 -1.59674 -0.823817 -1.62912 21.9896 21.9896 1495.65 0 0 703.31
25000 24501 306.433 -4.34051 366498 0.0290345 21.9896 21.9896 757.944 2106.2 1285.04 821.162 418.93 0 2.15141 6.38667 4.48344 0.0421091 0.485965 2.09582 21.9896 21.9896 1478.45 0 0 720.508
26000 25501 308.191 -2.32583 350588 0.0303521 21.9896 21.9896 725.041 2103.33 1277.45 825.875 412.05 0 3.55136 0.313666 3.11247 -0.0289977 -1.78302 -1.63692 21.9896 21.9896 1462 0 0 736.959
27000 26501 307.808 -4.30058 335369 0.0317294 21.9896 21.9896 693.567 2108.83 1283.99 824.849 412.886 0 -1.17662 4.84784 9.23053 1.39052 -0.600921 0.480983 21.9896 21.9896 1446.26 0 0 752.696
28000 27501 303.264 -1.63899 320811 0.0331693 21.9896 21.9896 663.459 2072.61 1259.94 812.672 402.644 0 2.56579 0.519925 1.83127 -3.75137 -0.735479 1.5343 21.9896 21.9896 1431.21 0 0 767.75
29000 28501 301.506 -4.24161 306884 0.0346746 21.9896 21.9896 634.659 2064.3 1256.34 807.961 401.221 0 -0.447651 4.85304 8.31945 -0.328426 -1.00486 -2.49602 21.9896 21.9896 1416.81 0 0 782.15
30000 29501 309.836 -6.48758 293562 0.0362481 21.9896 21.9896 607.108 2107.61 1277.32 830.283 399.851 0 5.40651 3.67937 10.3769 1.47989 1.77961 0.253402 21.9896 21.9896 1403.03 0 0 795.926
31000 30501 305.98 0.543231 280819 0.037893 21.9896 21.9896 580.754 2088.37 1268.42 819.949 399.755 0 1.00834 0.651805 -3.28983 -0.409867 -0.716874 -2.98816 21.9896 21.9896 1389.86 0 0 809.103
32000 31501 305.314 -10.1636 268628 0.0396126 21.9896 21.9896 555.543 2078.31 1260.15 818.165 393.879 0 7.90751 7.78048 14.8029 -1.92318 -1.63947 0.509419 21.9896 21.9896 1377.25 0 0 821.708
33000 32501 309.519 -2.17196 256967 0.0414102 21.9896 21.9896 531.427 2099 1269.56 829.433 392.897 0 1.97812 -0.772634 5.31038 0.8424 0.46521 0.0989088 21.9896 21.9896 1365.19 0 0 833.766
34000 33501 301.773 -3.49459 245812 0.0432894 21.9896 21.9896 508.358 2066.56 1257.88 808.675 395.151 0 1.0147 6.66761 2.80146 -0.658897 -1.58381 -1.63012 21.9896 21.9896 1353.66 0 0 845.301
35000 34501 304.643 -9.25759 235142 0.0452539 21.9896 21.9896 486.29 2072.17 1255.8 816.366 386.01 0 7.4349 6.36097 13.9769 -3.88622 -1.84299 -0.196141 21.9896 21.9896 1342.62 0 0 856.335
36000 35501 305.648 -4.3304 224934 0.0473075 21.9896 21.9896 465.18 2074.82 1255.76 819.06 386.051 0 1.5889 0.430808 10.9715 2.22066 -0.0770749 -0.866081 21.9896 21.9896 1332.07 0 0 866.89
37000 36501 302.687 -9.55546 215170 0.0494543 21.9896 21.9896 444.986 2062.44 1251.31 811.125 387.025 0 9.86764 6.25852 12.5402 -2.60934 0.536009 -1.40579 21.9896 21.9896 1321.97 0 0 876.986
38000 37501 307.01 -5.7407 205829 0.0516986 21.9896 21.9896 425.67 2058.67 1235.96 822.709 371.373 0 3.01226 9.32861 4.88124 -2.24781 1.60928 2.09307 21.9896 21.9896 1312.31 0 0 886.645
39000 38501 306.758 -7.32482 196894 0.0540446 21.9896 21.9896 407.191 2055.51 1233.48 822.034 369.65 0 6.40203 -0.758071 16.3305 2.65509 -4.7234 -0.677901 21.9896 21.9896 1303.08 0 0 895.884
40000 39501 308.804 -7.71191 188347 0.0564972 21.9896 21.9896 389.515 2067.5 1239.98 827.517 366.637 0 6.22363 8.15282 8.75929 -2.79342 2.85923 2.6231 21.9896 21.9896 1294.24 0 0 904.722
41000 40501 305.041 -6.04908 180171 0.059061 21.9896 21.9896 372.606 2033.03 1215.6 817.434 356.682 0 2.74968 5.94194 9.45562 -3.3623 -1.76671 0.143279 21.9896 21.9896 1285.78 0 0 913.177
42000 41501 307.41 -12.2749 172350 0.0617412 21.9896 21.9896 356.431 2048.44 1224.66 823.782 354.409 0 8.26662 11.5483 17.0097 0.0924718 0.58299 -2.4886 21.9896 21.9896 1277.7 0 0 921.264
43000 42501 301.695 -5.11667 164868 0.064543 21.9896 21.9896 340.959 1999.15 1190.68 808.468 339.477 0 10.3641 2.03452 2.95137 -2.82482 -3.47549 3.93032 21.9896 21.9896 1269.96 0 0 929
44000 43501 301.638 -12.3906 157711 0.067472 21.9896 21.9896 326.158 1993.35 1185.03 808.313 332.314 0 5.21127 11.602 20.3585 5.00772 3.66577 -4.80179 21.9896 21.9896 1262.56 0 0 936.401
45000 44501 306.365 -10.2913 150865 0.0705339 21.9896 21.9896 311.999 2008.23 1187.25 820.98 327.311 0 6.56283 5.5261 18.785 -1.3455 0.504796 2.33362 21.9896 21.9896 1255.48 0 0 943.48
46000 45501 304.543 -7.7766 144316 0.0737347 21.9896 21.9896 298.455 1983.96 1167.86 816.099 316.207 0 9.1055 9.89123 4.33306 4.03079 5.05601 0.785573 21.9896 21.9896 1248.71 0 0 950.252
47000 46501 304.819 -8.46811 138051 0.0770808 21.9896 21.9896 285.499 1986.1 1169.26 816.837 314.61 0 5.26279 4.1437 15.9978 -1.58383 -2.68593 5.19052 21.9896 21.9896 1242.23 0 0 956.73
48000 47501 303.69 -13.4801 132058 0.0805787 21.9896 21.9896 273.106 1969.8 1155.99 813.812 306.264 0 9.75071 11.1383 19.5514 -2.29565 -3.75031 -1.06636 21.9896 21.9896 1236.03 0 0 962.927
49000 48501 304.727 -9.12903 126326 0.0842353 21.9896 21.9896 261.25 1969.52 1152.93 816.591 298.922 0 13.4258 8.76353 5.19774 1.05985 3.76363 -4.61479 21.9896 21.9896 1230.1 0 0 968.855
50000 49501 304.055 -13.6181 120842 0.0880579 21.9896 21.9896 249.909 1953.34 1138.55 814.79 289.05 0 13.5671 8.1717 19.1156 -5.69463 2.3642 2.04549 21.9896 21.9896 1224.43 0 0 974.525
51000 50501 305.981 -13.4662 115596 0.092054 21.9896 21.9896 239.061 1949.38 1129.43 819.951 278.425 0 5.99103 10.0871 24.3206 5.68476 -5.32212 5.40707 21.9896 21.9896 1219.01 0 0 979.949
52000 51501 308.82 -12.6161 110578 0.0962314 21.9896 21.9896 228.683 1956.51 1128.95 827.56 276.337 0 9.38035 9.24569 19.2223 -2.18902 11.6606 -8.18073 21.9896 21.9896 1213.82 0 0 985.138
53000 52501 304.075 -17.5815 105778 0.100598 21.9896 21.9896 218.756 1920.26 1105.41 814.845 268.253 0 16.7156 5.90968 30.1193 0.994619 -7.13253 6.6801 21.9896 21.9896 1208.86 0 0 990.102
54000 53501 303.116 -9.0193 101186 0.105164 21.9896 21.9896 209.26 1908.77 1096.5 812.274 263.624 0 8.82738 15.4788 2.75171 -5.19454 2.51848 -4.00454 21.9896 21.9896 1204.11 0 0 994.85
55000 54501 303.837 -11.5292 96793.5 0.109936 21.9896 21.9896 200.176 1907.82 1093.61 814.207 261.556 0 15.6194 10.7186 8.24948 -5.73809 2.26377 5.66233 21.9896 21.9896 1199.57 0 0 999.392
56000 55501 304.68 -19.4313 92591.7 0.114925 21.9896 21.9896 191.486 1905.77 1089.3 816.467 255.147 0 30.0058 -2.81201 31.1002 -6.10656 0.957272 -4.48689 21.9896 21.9896 1195.22 0 0 1003.74
57000 56501 301.787 -19.988 88572.2 0.12014 21.9896 21.9896 183.174 1892.61 1083.89 808.713 254.979 0 12.8563 23.1971 23.9108 8.50829 0.501151 -2.34192 21.9896 21.9896 1191.07 0 0 1007.89
58000 57501 308.435 -12.7276 84727.3 0.125592 21.9896 21.9896 175.222 1922.21 1095.68 826.528 247.797 0 4.56832 16.5482 17.0663 3.92038 2.14795 3.04062 21.9896 21.9896 1187.09 0 0 1011.87
59000 58501 301.811 -32.5198 81049.3 0.131291 21.9896 21.9896 167.616 1893.2 1084.42 808.776 248.017 0 33.3361 12.2032 52.02 1.95021 -6.78823 -1.83525 21.9896 21.9896 1183.29 0 0 1015.67
60000 59501 304.337 -3.40207 77531 0.137249 21.9896 21.9896 160.34 1879.35 1063.8 815.547 233.14 0 16.4017 9.05548 -15.251 -17.4248 0.3421 -4.47942 21.9896 21.9896 1179.65 0 0 1019.31
61000 60501 304.659 -19.1062 74165.3 0.143478 21.9896 21.9896 153.379 1885.11 1068.7 816.411 235.207 0 21.6391 4.82308 30.8563 -0.784857 1.57331 4.8383 21.9896 21.9896 1176.17 0 0 1022.79
62000 61501 302.088 -38.4782 70945.8 0.149989 21.9896 21.9896 146.721 1871.7 1062.17 809.521 233.086 0 55.0394 27.253 33.1421 14.6825 6.42084 -5.95158 21.9896 21.9896 1172.84 0 0 1026.12
63000 62501 304.345 -26.8279 67866.1 0.156795 21.9896 21.9896 140.352 1870.46 1054.89 815.568 222.196 0 29.1917 28.7395 22.5524 -13.7256 -7.3369 23.2663 21.9896 21.9896 1169.66 0 0 1029.3
64000 63501 307.339 -29.7014 64920 0.163911 21.9896 21.9896 134.259 1866.38 1042.79 823.592 210.253 0 33.4224 13.352 42.3299 8.46182 -10.9379 -9.73731 21.9896 21.9896 1166.61 0 0 1032.35
65000 64501 304.413 -7.65894 62101.8 0.171349 21.9896 21.9896 128.431 1848.13 1032.38 815.75 205.99 0 16.5237 1.53663 4.91648 -3.90426 29.6044 -3.06456 21.9896 21.9896 1163.7 0 0 1035.26
66000 65501 305.655 -30.2697 59406 0.179125 21.9896 21.9896 122.856 1844.88 1025.8 819.079 197.819 0 16.6882 41.8727 32.2484 -11.0924 -5.28855 15.6709 21.9896 21.9896 1160.91 0 0 1038.05
67000 66501 303.598 -22.8345 56827.2 0.187253 21.9896 21.9896 117.523 1833.27 1019.71 813.565 195.103 0 24.1719 17.2398 27.0918 9.35605 -0.839586 -6.78126 21.9896 21.9896 1158.24 0 0 1040.72
68000 67501 305.262 -54.7361 54360.3 0.195751 21.9896 21.9896 112.421 1841.11 1023.09 818.024 192.336 0 83.3241 8.9741 71.9102 4.21294 -3.75503 -16.0714 21.9896 21.9896 1155.69 0 0 1043.27
69000 68501 303.571 -34.831 52000.5 0.204634 21.9896 21.9896 107.541 1814.1 1000.6 813.495 176.995 0 79.6033 -4.29783 29.1876 -20.8591 35.8408 15.3951 21.9896 21.9896 1153.25 0 0 1045.71
70000 69501 305.951 -31.7842 49743.2 0.21392 21.9896 21.9896 102.872 1825.89 1006.01 819.871 172.158 0 40.7816 37.9657 16.6052 12.8707 14.2001 13.2299 21.9896 21.9896 1150.92 0 0 1048.04
71000 70501 303.317 -35.3885 47583.8 0.223628 21.9896 21.9896 98.4067 1808.12 995.306 812.814 168.13 0 70.2143 30.9359 5.01522 -11.1953 -12.5608 -17.2107 21.9896 21.9896 1148.68 0 0 1050.28
72000 71501 301.97 -55.9133 45518.2 0.233776 21.9896 21.9896 94.1349 1791.51 982.308 809.203 161.984 0 101.409 35.767 30.5639 -5.65846 -3.0708 6.96244 21.9896 21.9896 1146.55 0 0 1052.41
73000 72501 305.313 -37.3612 43542.2 0.244385 21.9896 21.9896 90.0485 1797.9 979.74 818.162 156.119 0 31.6742 18.0523 62.3572 -11.9064 44.6234 -6.93268 21.9896 21.9896 1144.5 0 0 1054.46
74000 73501 305.366 -2.7961 41652.1 0.255475 21.9896 21.9896 86.1395 1782.86 964.557 818.304 146.391 0 14.0982 30.8319 -36.5419 4.14236 -16.0467 -4.4462 21.9896 21.9896 1142.55 0 0 1056.41
75000 74501 304.817 -82.3261 39844 0.267069 21.9896 21.9896 82.4002 1777.55 960.721 816.832 143.633 0 131.018 87.1685 28.792 0.440013 37.7319 1.0897 21.9896 21.9896 1140.68 0 0 1058.28
76000 75501 306.127 -51.2683 38114.3 0.279188 21.9896 21.9896 78.8232 1784.2 963.857 820.344 145.255 0 68.2842 48.096 37.4246 -28.5921 36.634 -2.57915 21.9896 21.9896 1138.89 0 0 1060.07
77000 76501 302.311 -80.0533 36459.8 0.291858 21.9896 21.9896 75.4015 1751.11 940.988 810.117 133.691 0 53.4874 151.406 35.2667 -12.8685 9.17697 -7.44818 21.9896 21.9896 1137.18 0 0 1061.78
78000 77501 301.094 -76.3976 34877.1 0.305102 21.9896 21.9896 72.1283 1725.96 919.103 806.856 121.961 0 107.477 70.0715 51.6441 0.779427 -24.9547 35.4702 21.9896 21.9896 1135.54 0 0 1063.42
79000 78501 301.745 -77.5007 33363.1 0.318948 21.9896 21.9896 68.9972 1725.09 916.488 808.601 122.815 0 134.177 32.4304 65.8945 -1.72442 -24.2132 -15.1163 21.9896 21.9896 1133.98 0 0 1064.98
80000 79501 301.43 -15.7176 31914.8 0.333422 21.9896 21.9896 66.002 1732.07 924.312 807.757 125.918 0 60.1191 77.1059 -90.0723 -21.363 18.2905 14.0197 21.9896 21.9896 1132.48 0 0 1066.48
81000 80501 302.859 -188.622 30529.3 0.348552 21.9896 21.9896 63.1369 1732.47 920.885 811.585 119.826 0 244.381 197.173 124.311 31.7362 -11.2848 -9.77831 21.9896 21.9896 1131.05 0 0 1067.91
82000 81501 305.183 -67.5213 29204.1 0.36437 21.9896 21.9896 60.3961 1735.25 917.44 817.813 111.161 0 115.299 69.0832 18.1815 50.496 -12.1671 -6.85278 21.9896 21.9896 1129.68 0 0 1069.28
83000 82501 304.652 -122.896 27936.3 0.380905 21.9896 21.9896 57.7743 1727.62 911.231 816.391 104.372 0 166.727 169.554 32.4062 18.7173 -8.93597 19.1085 21.9896 21.9896 1128.37 0 0 1070.59
84000 83501 303.696 -205.087 26723.6 0.39819 21.9896 21.9896 55.2663 1726.28 912.45 813.829 103.036 0 260.63 201.852 152.778 -28.137 46.7126 -27.4402 21.9896 21.9896 1127.11 0 0 1071.85
85000 84501 305.082 -262.355 25563.5 0.41626 21.9896 21.9896 52.8672 1713.03 895.485 817.543 85.5862 0 318.876 268.89 199.299 -18.8732 23.9799 -3.33694 21.9896 21.9896 1125.91 0 0 1073.05
86000 85501 305.882 -126.741 24453.8 0.43515 21.9896 21.9896 50.5722 1703.33 883.649 819.686 75.3169 0 150.46 180.007 49.757 -122.4 66.8057 -63.73 21.9896 21.9896 1124.77 0 0 1074.19
87000 86501 303.793 -162.862 23392.3 0.454897 21.9896 21.9896 48.3769 1685.6 871.516 814.088 63.8529 0 214.834 279.437 -5.68503 106.54 43.3914 -10.3611 21.9896 21.9896 1123.67 0 0 1075.29
88000 87501 303.736 -274.853 22376.8 0.47554 21.9896 21.9896 46.2768 1686.37 872.436 813.935 58.1973 0 279.793 351.625 193.142 -56.8934 13.1267 87.6559 21.9896 21.9896 1122.62 0 0 1076.34
89000 88501 307.172 -211.542 21405.4 0.49712 21.9896 21.9896 44.268 1689.66 866.514 823.142 47.0275 0 263.651 318.51 52.465 17.5371 -30.6181 32.5949 21.9896 21.9896 1121.61 0 0 1077.35
90000 89501 306.968 -58.0524 20476.2 0.51968 21.9896 21.9896 42.3463 1669.54 846.947 822.598 30.0755 0 41.9115 105.92 26.3262 58.4542 88.9638 96.7679 21.9896 21.9896 1120.65 0 0 1078.31
91000 90501 303.856 -206.215 19587.3 0.543263 21.9896 21.9896 40.508 1644.87 830.61 814.257 20.4791 0 285.385 277.109 56.1524 -11.8858 26.4073 -26.5231 21.9896 21.9896 1119.73 0 0 1079.23
92000 91501 305.609 -214.649 18737.1 0.567916 21.9896 21.9896 38.7496 1635.98 817.029 818.954 6.54095 0 200.551 413.989 29.4077 -84.7983 15.7117 129.109 21.9896 21.9896 1118.85 0 0 1080.1
93000 92501 305.247 -108.407 17923.7 0.593688 21.9896 21.9896 37.0675 1637.89 819.907 817.984 6.15103 0 129.49 86.4658 109.265 60.6872 -45.1055 37.5127 21.9896 21.9896 1118.01 0 0 1080.95
94000 93501 305.76 -90.7201 17145.6 0.620629 21.9896 21.9896 35.4584 1620.74 801.383 819.361 -11.6814 0 18.7957 313.581 -60.2166 8.70967 49.9452 -187.486 21.9896 21.9896 1117.21 0 0 1081.75
95000 94501 302.993 -124.158 16401.3 0.648794 21.9896 21.9896 33.9191 1591.24 779.297 811.944 -20.3762 0 138.37 146.603 87.5017 102.784 -2.03426 9.71042 21.9896 21.9896 1116.44 0 0 1082.52
96000 95501 304.324 -259.303 15689.3 0.678236 21.9896 21.9896 32.4467 1610.42 794.906 815.512 -16.7391 0 427.797 325.562 24.5513 -49.1756 -138.826 191.454 21.9896 21.9896 1115.7 0 0 1083.26
97000 96501 306.764 -427.482 15008.3 0.709014 21.9896 21.9896 31.0382 1615.33 793.275 822.05 -22.9079 0 543.548 565.102 173.795 -12.6794 69.9294 81.0716 21.9896 21.9896 1115 0 0 1083.96
98000 97501 301.409 -74.6583 14356.8 0.741189 21.9896 21.9896 29.6908 1580.75 773.044 807.701 -31.8909 0 -73.3406 302.449 -5.13383 -35.9612 -34.5682 135.893 21.9896 21.9896 1114.33 0 0 1084.63
99000 98501 304.534 -401.467 13733.5 0.774824 21.9896 21.9896 28.4019 1601 784.931 816.074 -32.2256 0 515.383 591.268 97.7509 -157.091 76.0904 49.6785 21.9896 21.9896 1113.68 0 0 1085.28
100000 99501 306.294 -461.384 13137.4 0.809986 21.9896 21.9896 27.169 1608.05 787.259 820.789 -38.7068 0 626.473 590.451 167.227 104.964 73.6672 150.693 21.9896 21.9896 1113.06 0 0 1085.9
